0 info it worked if it ends with ok
1 verbose cli [ '/usr/bin/nodejs', '/usr/bin/npm', 'start' ]
2 info using npm@2.15.8
3 info using node@v4.4.7
4 verbose stack Error: Failed to parse json
4 verbose stack Unexpected token '/' at 8:5
4 verbose stack     //"start" : "pm2 start app.js -i max",
4 verbose stack     ^
4 verbose stack     at parseError (/usr/lib/node_modules/npm/node_modules/read-package-json/read-json.js:390:11)
4 verbose stack     at parseJson (/usr/lib/node_modules/npm/node_modules/read-package-json/read-json.js:79:23)
4 verbose stack     at /usr/lib/node_modules/npm/node_modules/read-package-json/read-json.js:48:5
4 verbose stack     at /usr/lib/node_modules/npm/node_modules/graceful-fs/graceful-fs.js:78:16
4 verbose stack     at FSReqWrap.readFileAfterClose [as oncomplete] (fs.js:380:3)
5 verbose cwd /home/project
6 error Linux 4.4.0-36-generic
7 error argv "/usr/bin/nodejs" "/usr/bin/npm" "start"
8 error node v4.4.7
9 error npm  v2.15.8
10 error file /home/project/package.json
11 error code EJSONPARSE
12 error Failed to parse json
12 error Unexpected token '/' at 8:5
12 error     //"start" : "pm2 start app.js -i max",
12 error     ^
13 error File: /home/project/package.json
14 error Failed to parse package.json data.
14 error package.json must be actual JSON, not just JavaScript.
14 error
14 error This is not a bug in npm.
14 error Tell the package author to fix their package.json file. JSON.parse
15 verbose exit [ 1, true ]
